{"/home/travis/build/npmtest/node-npmtest-twitter/test.js":{"path":"/home/travis/build/npmtest/node-npmtest-twitter/test.js","s":{"1":2,"2":2,"3":2,"4":2,"5":2,"6":2,"7":2,"8":1,"9":2,"10":2,"11":1,"12":1,"13":1,"14":1,"15":2,"16":2,"17":2,"18":2,"19":1,"20":1,"21":2,"22":2,"23":2,"24":1,"25":1,"26":1,"27":1,"28":1,"29":1,"30":1,"31":1,"32":1,"33":1,"34":1,"35":1,"36":1,"37":2,"38":2,"39":1,"40":2,"41":2,"42":1,"43":2,"44":2,"45":1,"46":2,"47":2,"48":1,"49":1,"50":1,"51":1,"52":1},"b":{"1":[2,1,1,1],"2":[1,1,1,1],"3":[1,1],"4":[1,1],"5":[1,1],"6":[1,1],"7":[1,1],"8":[1,1],"9":[1,1,1],"10":[1,1],"11":[1,1],"12":[1,1],"13":[1,1],"14":[1,1],"15":[1,1],"16":[1,1]},"f":{"1":2,"2":2,"3":2,"4":2,"5":2,"6":1,"7":1,"8":2,"9":2,"10":2,"11":2,"12":1},"fnMap":{"1":{"name":"(anonymous_1)","line":12,"loc":{"start":{"line":12,"column":1},"end":{"line":12,"column":13}}},"2":{"name":"(anonymous_2)","line":19,"loc":{"start":{"line":19,"column":5},"end":{"line":19,"column":17}}},"3":{"name":"(anonymous_3)","line":23,"loc":{"start":{"line":23,"column":24},"end":{"line":23,"column":36}}},"4":{"name":"(anonymous_4)","line":61,"loc":{"start":{"line":61,"column":5},"end":{"line":61,"column":17}}},"5":{"name":"(anonymous_5)","line":82,"loc":{"start":{"line":82,"column":5},"end":{"line":82,"column":17}}},"6":{"name":"(anonymous_6)","line":102,"loc":{"start":{"line":102,"column":83},"end":{"line":105,"column":10}},"skip":true},"7":{"name":"(anonymous_7)","line":113,"loc":{"start":{"line":113,"column":77},"end":{"line":116,"column":10}},"skip":true},"8":{"name":"(anonymous_8)","line":129,"loc":{"start":{"line":129,"column":12},"end":{"line":129,"column":40}},"skip":true},"9":{"name":"(anonymous_9)","line":137,"loc":{"start":{"line":137,"column":77},"end":{"line":140,"column":10}},"skip":true},"10":{"name":"(anonymous_10)","line":148,"loc":{"start":{"line":148,"column":83},"end":{"line":151,"column":10}},"skip":true},"11":{"name":"(anonymous_11)","line":159,"loc":{"start":{"line":159,"column":79},"end":{"line":162,"column":10}},"skip":true},"12":{"name":"(anonymous_12)","line":170,"loc":{"start":{"line":170,"column":75},"end":{"line":173,"column":10}},"skip":true}},"statementMap":{"1":{"start":{"line":12,"column":0},"end":{"line":185,"column":5}},"2":{"start":{"line":14,"column":4},"end":{"line":14,"column":14}},"3":{"start":{"line":19,"column":4},"end":{"line":56,"column":9}},"4":{"start":{"line":21,"column":8},"end":{"line":21,"column":19}},"5":{"start":{"line":23,"column":8},"end":{"line":35,"column":13}},"6":{"start":{"line":24,"column":12},"end":{"line":34,"column":13}},"7":{"start":{"line":25,"column":16},"end":{"line":28,"column":30}},"8":{"start":{"line":30,"column":16},"end":{"line":33,"column":27}},"9":{"start":{"line":37,"column":8},"end":{"line":39,"column":21}},"10":{"start":{"line":40,"column":8},"end":{"line":53,"column":9}},"11":{"start":{"line":43,"column":12},"end":{"line":46,"column":14}},"12":{"start":{"line":47,"column":12},"end":{"line":47,"column":18}},"13":{"start":{"line":50,"column":12},"end":{"line":51,"column":46}},"14":{"start":{"line":52,"column":12},"end":{"line":52,"column":18}},"15":{"start":{"line":55,"column":8},"end":{"line":55,"column":35}},"16":{"start":{"line":61,"column":4},"end":{"line":63,"column":9}},"17":{"start":{"line":62,"column":8},"end":{"line":62,"column":15}},"18":{"start":{"line":64,"column":4},"end":{"line":77,"column":5}},"19":{"start":{"line":70,"column":8},"end":{"line":70,"column":14}},"20":{"start":{"line":76,"column":8},"end":{"line":76,"column":14}},"21":{"start":{"line":82,"column":4},"end":{"line":84,"column":9}},"22":{"start":{"line":83,"column":8},"end":{"line":83,"column":15}},"23":{"start":{"line":85,"column":4},"end":{"line":184,"column":5}},"24":{"start":{"line":92,"column":8},"end":{"line":94,"column":63}},"25":{"start":{"line":95,"column":8},"end":{"line":95,"column":14}},"26":{"start":{"line":102,"column":8},"end":{"line":111,"column":10},"skip":true},"27":{"start":{"line":109,"column":12},"end":{"line":109,"column":55},"skip":true},"28":{"start":{"line":110,"column":12},"end":{"line":110,"column":48},"skip":true},"29":{"start":{"line":113,"column":8},"end":{"line":126,"column":10},"skip":true},"30":{"start":{"line":120,"column":12},"end":{"line":120,"column":76},"skip":true},"31":{"start":{"line":121,"column":12},"end":{"line":121,"column":73},"skip":true},"32":{"start":{"line":122,"column":12},"end":{"line":122,"column":74},"skip":true},"33":{"start":{"line":123,"column":12},"end":{"line":123,"column":79},"skip":true},"34":{"start":{"line":124,"column":12},"end":{"line":124,"column":25},"skip":true},"35":{"start":{"line":125,"column":12},"end":{"line":125,"column":45},"skip":true},"36":{"start":{"line":128,"column":8},"end":{"line":135,"column":14},"skip":true},"37":{"start":{"line":133,"column":16},"end":{"line":133,"column":29},"skip":true},"38":{"start":{"line":134,"column":16},"end":{"line":134,"column":55},"skip":true},"39":{"start":{"line":137,"column":8},"end":{"line":146,"column":10},"skip":true},"40":{"start":{"line":144,"column":12},"end":{"line":144,"column":25},"skip":true},"41":{"start":{"line":145,"column":12},"end":{"line":145,"column":45},"skip":true},"42":{"start":{"line":148,"column":8},"end":{"line":157,"column":10},"skip":true},"43":{"start":{"line":155,"column":12},"end":{"line":155,"column":25},"skip":true},"44":{"start":{"line":156,"column":12},"end":{"line":156,"column":48},"skip":true},"45":{"start":{"line":159,"column":8},"end":{"line":168,"column":10},"skip":true},"46":{"start":{"line":166,"column":12},"end":{"line":166,"column":25},"skip":true},"47":{"start":{"line":167,"column":12},"end":{"line":167,"column":46},"skip":true},"48":{"start":{"line":170,"column":8},"end":{"line":179,"column":10},"skip":true},"49":{"start":{"line":177,"column":12},"end":{"line":177,"column":94},"skip":true},"50":{"start":{"line":178,"column":12},"end":{"line":178,"column":48},"skip":true},"51":{"start":{"line":182,"column":8},"end":{"line":182,"column":35},"skip":true},"52":{"start":{"line":183,"column":8},"end":{"line":183,"column":14},"skip":true}},"branchMap":{"1":{"line":25,"type":"binary-expr","locations":[{"start":{"line":25,"column":23},"end":{"line":25,"column":62}},{"start":{"line":26,"column":20},"end":{"line":26,"column":70}},{"start":{"line":27,"column":20},"end":{"line":27,"column":71}},{"start":{"line":28,"column":20},"end":{"line":28,"column":29}}]},"2":{"line":30,"type":"binary-expr","locations":[{"start":{"line":30,"column":23},"end":{"line":30,"column":37}},{"start":{"line":31,"column":20},"end":{"line":31,"column":61}},{"start":{"line":32,"column":20},"end":{"line":32,"column":70}},{"start":{"line":33,"column":20},"end":{"line":33,"column":26}}]},"3":{"line":37,"type":"cond-expr","locations":[{"start":{"line":38,"column":14},"end":{"line":38,"column":20}},{"start":{"line":39,"column":14},"end":{"line":39,"column":20}}]},"4":{"line":40,"type":"switch","locations":[{"start":{"line":42,"column":8},"end":{"line":47,"column":18}},{"start":{"line":49,"column":8},"end":{"line":52,"column":18}}]},"5":{"line":44,"type":"binary-expr","locations":[{"start":{"line":44,"column":16},"end":{"line":44,"column":44}},{"start":{"line":44,"column":48},"end":{"line":44,"column":66}}]},"6":{"line":50,"type":"binary-expr","locations":[{"start":{"line":50,"column":21},"end":{"line":50,"column":49}},{"start":{"line":50,"column":53},"end":{"line":50,"column":72}}]},"7":{"line":64,"type":"switch","locations":[{"start":{"line":69,"column":4},"end":{"line":70,"column":14}},{"start":{"line":75,"column":4},"end":{"line":76,"column":14}}]},"8":{"line":85,"type":"switch","locations":[{"start":{"line":90,"column":4},"end":{"line":95,"column":14}},{"start":{"line":101,"column":4},"end":{"line":183,"column":14},"skip":true}]},"9":{"line":92,"type":"binary-expr","locations":[{"start":{"line":92,"column":18},"end":{"line":92,"column":32}},{"start":{"line":93,"column":12},"end":{"line":93,"column":53}},{"start":{"line":94,"column":12},"end":{"line":94,"column":61}}]},"10":{"line":102,"type":"binary-expr","locations":[{"start":{"line":102,"column":45},"end":{"line":102,"column":79},"skip":true},{"start":{"line":102,"column":83},"end":{"line":111,"column":9},"skip":true}]},"11":{"line":113,"type":"binary-expr","locations":[{"start":{"line":113,"column":42},"end":{"line":113,"column":73},"skip":true},{"start":{"line":113,"column":77},"end":{"line":126,"column":9},"skip":true}]},"12":{"line":128,"type":"binary-expr","locations":[{"start":{"line":128,"column":48},"end":{"line":128,"column":85},"skip":true},{"start":{"line":129,"column":12},"end":{"line":135,"column":13},"skip":true}]},"13":{"line":137,"type":"binary-expr","locations":[{"start":{"line":137,"column":42},"end":{"line":137,"column":73},"skip":true},{"start":{"line":137,"column":77},"end":{"line":146,"column":9},"skip":true}]},"14":{"line":148,"type":"binary-expr","locations":[{"start":{"line":148,"column":45},"end":{"line":148,"column":79},"skip":true},{"start":{"line":148,"column":83},"end":{"line":157,"column":9},"skip":true}]},"15":{"line":159,"type":"binary-expr","locations":[{"start":{"line":159,"column":43},"end":{"line":159,"column":75},"skip":true},{"start":{"line":159,"column":79},"end":{"line":168,"column":9},"skip":true}]},"16":{"line":170,"type":"binary-expr","locations":[{"start":{"line":170,"column":41},"end":{"line":170,"column":71},"skip":true},{"start":{"line":170,"column":75},"end":{"line":179,"column":9},"skip":true}]}},"code":["/* istanbul instrument in package npmtest_twitter */","/*jslint","    bitwise: true,","    browser: true,","    maxerr: 8,","    maxlen: 96,","    node: true,","    nomen: true,","    regexp: true,","    stupid: true","*/","(function () {","    'use strict';","    var local;","","","","    // run shared js-env code - pre-init","    (function () {","        // init local","        local = {};","        // init modeJs","        local.modeJs = (function () {","            try {","                return typeof navigator.userAgent === 'string' &&","                    typeof document.querySelector('body') === 'object' &&","                    typeof XMLHttpRequest.prototype.open === 'function' &&","                    'browser';","            } catch (errorCaughtBrowser) {","                return module.exports &&","                    typeof process.versions.node === 'string' &&","                    typeof require('http').createServer === 'function' &&","                    'node';","            }","        }());","        // init global","        local.global = local.modeJs === 'browser'","            ? window","            : global;","        switch (local.modeJs) {","        // re-init local from window.local","        case 'browser':","            local = local.global.utility2.objectSetDefault(","                local.global.utility2_rollup || local.global.local,","                local.global.utility2","            );","            break;","        // re-init local from example.js","        case 'node':","            local = (local.global.utility2_rollup || require('utility2'))","                .requireExampleJsFromReadme();","            break;","        }","        // export local","        local.global.local = local;","    }());","","","","    // run shared js-env code - function","    (function () {","        return;","    }());","    switch (local.modeJs) {","","","","    // run browser js-env code - function","    case 'browser':","        break;","","","","    // run node js-env code - function","    case 'node':","        break;","    }","","","","    // run shared js-env code - post-init","    (function () {","        return;","    }());","    switch (local.modeJs) {","","","","    // run browser js-env code - post-init","    case 'browser':","        // run tests","        local.nop(local.modeTest &&","            document.querySelector('#testRunButton1') &&","            document.querySelector('#testRunButton1').click());","        break;","","","","    // run node js-env code - post-init","    /* istanbul ignore next */","    case 'node':","        local.testCase_buildApidoc_default = local.testCase_buildApidoc_default || function (","            options,","            onError","        ) {","        /*","         * this function will test buildApidoc's default handling-behavior-behavior","         */","            options = { modulePathList: module.paths };","            local.buildApidoc(options, onError);","        };","","        local.testCase_buildApp_default = local.testCase_buildApp_default || function (","            options,","            onError","        ) {","        /*","         * this function will test buildApp's default handling-behavior-behavior","         */","            local.testCase_buildReadme_default(options, local.onErrorThrow);","            local.testCase_buildLib_default(options, local.onErrorThrow);","            local.testCase_buildTest_default(options, local.onErrorThrow);","            local.testCase_buildCustomOrg_default(options, local.onErrorThrow);","            options = [];","            local.buildApp(options, onError);","        };","","        local.testCase_buildCustomOrg_default = local.testCase_buildCustomOrg_default ||","            function (options, onError) {","            /*","             * this function will test buildCustomOrg's default handling-behavior","             */","                options = {};","                local.buildCustomOrg(options, onError);","            };","","        local.testCase_buildLib_default = local.testCase_buildLib_default || function (","            options,","            onError","        ) {","        /*","         * this function will test buildLib's default handling-behavior","         */","            options = {};","            local.buildLib(options, onError);","        };","","        local.testCase_buildReadme_default = local.testCase_buildReadme_default || function (","            options,","            onError","        ) {","        /*","         * this function will test buildReadme's default handling-behavior-behavior","         */","            options = {};","            local.buildReadme(options, onError);","        };","","        local.testCase_buildTest_default = local.testCase_buildTest_default || function (","            options,","            onError","        ) {","        /*","         * this function will test buildTest's default handling-behavior","         */","            options = {};","            local.buildTest(options, onError);","        };","","        local.testCase_webpage_default = local.testCase_webpage_default || function (","            options,","            onError","        ) {","        /*","         * this function will test webpage's default handling-behavior","         */","            options = { modeCoverageMerge: true, url: local.serverLocalHost + '?modeTest=1' };","            local.browserTest(options, onError);","        };","","        // run test-server","        local.testRunServer(local);","        break;","    }","}());",""],"l":{"12":2,"14":2,"19":2,"21":2,"23":2,"24":2,"25":2,"30":1,"37":2,"40":2,"43":1,"47":1,"50":1,"52":1,"55":2,"61":2,"62":2,"64":2,"70":1,"76":1,"82":2,"83":2,"85":2,"92":1,"95":1,"102":1,"109":1,"110":1,"113":1,"120":1,"121":1,"122":1,"123":1,"124":1,"125":1,"128":1,"133":2,"134":2,"137":1,"144":2,"145":2,"148":1,"155":2,"156":2,"159":1,"166":2,"167":2,"170":1,"177":1,"178":1,"182":1,"183":1}},"/home/travis/build/npmtest/node-npmtest-twitter/lib.npmtest_twitter.js":{"path":"/home/travis/build/npmtest/node-npmtest-twitter/lib.npmtest_twitter.js","s":{"1":2,"2":2,"3":2,"4":2,"5":2,"6":2,"7":2,"8":1,"9":2,"10":2,"11":2,"12":2,"13":1,"14":1,"15":1,"16":1},"b":{"1":[2,1,1,1],"2":[1,1,1,1],"3":[1,1],"4":[2,2],"5":[1,1]},"f":{"1":2,"2":2,"3":2},"fnMap":{"1":{"name":"(anonymous_1)","line":12,"loc":{"start":{"line":12,"column":1},"end":{"line":12,"column":13}}},"2":{"name":"(anonymous_2)","line":19,"loc":{"start":{"line":19,"column":5},"end":{"line":19,"column":17}}},"3":{"name":"(anonymous_3)","line":23,"loc":{"start":{"line":23,"column":24},"end":{"line":23,"column":36}}}},"statementMap":{"1":{"start":{"line":12,"column":0},"end":{"line":53,"column":5}},"2":{"start":{"line":14,"column":4},"end":{"line":14,"column":14}},"3":{"start":{"line":19,"column":4},"end":{"line":52,"column":9}},"4":{"start":{"line":21,"column":8},"end":{"line":21,"column":19}},"5":{"start":{"line":23,"column":8},"end":{"line":35,"column":13}},"6":{"start":{"line":24,"column":12},"end":{"line":34,"column":13}},"7":{"start":{"line":25,"column":16},"end":{"line":28,"column":30}},"8":{"start":{"line":30,"column":16},"end":{"line":33,"column":27}},"9":{"start":{"line":37,"column":8},"end":{"line":39,"column":21}},"10":{"start":{"line":41,"column":8},"end":{"line":41,"column":54}},"11":{"start":{"line":43,"column":8},"end":{"line":43,"column":52}},"12":{"start":{"line":45,"column":8},"end":{"line":51,"column":9}},"13":{"start":{"line":46,"column":12},"end":{"line":46,"column":58}},"14":{"start":{"line":48,"column":12},"end":{"line":48,"column":35}},"15":{"start":{"line":49,"column":12},"end":{"line":49,"column":49}},"16":{"start":{"line":50,"column":12},"end":{"line":50,"column":43}}},"branchMap":{"1":{"line":25,"type":"binary-expr","locations":[{"start":{"line":25,"column":23},"end":{"line":25,"column":62}},{"start":{"line":26,"column":20},"end":{"line":26,"column":70}},{"start":{"line":27,"column":20},"end":{"line":27,"column":71}},{"start":{"line":28,"column":20},"end":{"line":28,"column":29}}]},"2":{"line":30,"type":"binary-expr","locations":[{"start":{"line":30,"column":23},"end":{"line":30,"column":37}},{"start":{"line":31,"column":20},"end":{"line":31,"column":61}},{"start":{"line":32,"column":20},"end":{"line":32,"column":70}},{"start":{"line":33,"column":20},"end":{"line":33,"column":26}}]},"3":{"line":37,"type":"cond-expr","locations":[{"start":{"line":38,"column":14},"end":{"line":38,"column":20}},{"start":{"line":39,"column":14},"end":{"line":39,"column":20}}]},"4":{"line":41,"type":"binary-expr","locations":[{"start":{"line":41,"column":16},"end":{"line":41,"column":44}},{"start":{"line":41,"column":48},"end":{"line":41,"column":53}}]},"5":{"line":45,"type":"if","locations":[{"start":{"line":45,"column":8},"end":{"line":45,"column":8}},{"start":{"line":45,"column":8},"end":{"line":45,"column":8}}]}},"code":["/* istanbul instrument in package npmtest_twitter */","/*jslint","    bitwise: true,","    browser: true,","    maxerr: 8,","    maxlen: 96,","    node: true,","    nomen: true,","    regexp: true,","    stupid: true","*/","(function () {","    'use strict';","    var local;","","","","    // run shared js-env code - pre-init","    (function () {","        // init local","        local = {};","        // init modeJs","        local.modeJs = (function () {","            try {","                return typeof navigator.userAgent === 'string' &&","                    typeof document.querySelector('body') === 'object' &&","                    typeof XMLHttpRequest.prototype.open === 'function' &&","                    'browser';","            } catch (errorCaughtBrowser) {","                return module.exports &&","                    typeof process.versions.node === 'string' &&","                    typeof require('http').createServer === 'function' &&","                    'node';","            }","        }());","        // init global","        local.global = local.modeJs === 'browser'","            ? window","            : global;","        // init utility2_rollup","        local = local.global.utility2_rollup || local;","        // init lib","        local.local = local.npmtest_twitter = local;","        // init exports","        if (local.modeJs === 'browser') {","            local.global.utility2_npmtest_twitter = local;","        } else {","            module.exports = local;","            module.exports.__dirname = __dirname;","            module.exports.module = module;","        }","    }());","}());",""],"l":{"12":2,"14":2,"19":2,"21":2,"23":2,"24":2,"25":2,"30":1,"37":2,"41":2,"43":2,"45":2,"46":1,"48":1,"49":1,"50":1}},"/home/travis/build/npmtest/node-npmtest-twitter/example.js":{"path":"/home/travis/build/npmtest/node-npmtest-twitter/example.js","s":{"1":2,"2":2,"3":2,"4":2,"5":2,"6":2,"7":2,"8":1,"9":2,"10":2,"11":2,"12":2,"13":1,"14":2,"15":2,"16":2,"17":2,"18":2,"19":0,"20":2,"21":1,"22":1,"23":1,"24":1,"25":1,"26":0,"27":0,"28":1,"29":1,"30":2,"31":0,"32":0,"33":0,"34":1,"35":2,"36":2,"37":2,"38":2,"39":2,"40":2,"41":0,"42":2,"43":2,"44":2,"45":1,"46":3,"47":1,"48":1,"49":1,"50":1,"51":1,"52":1,"53":1,"54":1,"55":1,"56":1,"57":0,"58":1,"59":6,"60":6,"61":1,"62":2,"63":0,"64":2,"65":1,"66":1,"67":0,"68":0,"69":0,"70":0,"71":0,"72":0,"73":0,"74":0,"75":0,"76":0,"77":0,"78":0,"79":0,"80":0,"81":0,"82":0,"83":0},"b":{"1":[2,1,1,1],"2":[1,1,1,1],"3":[1,1],"4":[2,2],"5":[1,1],"6":[1,1],"7":[2,0],"8":[2,1,1,1,1,1],"9":[0,2,0],"10":[1,1],"11":[2,1,1],"12":[1,0],"13":[0,2],"14":[2,0,0,0,0,0,0],"15":[0,2],"16":[2,0],"17":[1,1],"18":[0,1],"19":[1,2,0,2],"20":[1,0],"21":[1,1],"22":[0,0],"23":[0,0],"24":[0,0],"25":[0,0],"26":[0,0],"27":[0,0],"28":[0,0]},"f":{"1":2,"2":2,"3":2,"4":2,"5":2,"6":2,"7":2,"8":2,"9":3,"10":1,"11":6,"12":0},"fnMap":{"1":{"name":"(anonymous_1)","line":26,"loc":{"start":{"line":26,"column":1},"end":{"line":26,"column":13}}},"2":{"name":"(anonymous_2)","line":33,"loc":{"start":{"line":33,"column":5},"end":{"line":33,"column":17}}},"3":{"name":"(anonymous_3)","line":37,"loc":{"start":{"line":37,"column":24},"end":{"line":37,"column":36}}},"4":{"name":"(anonymous_4)","line":69,"loc":{"start":{"line":69,"column":31},"end":{"line":69,"column":48}},"skip":true},"5":{"name":"(anonymous_5)","line":78,"loc":{"start":{"line":78,"column":26},"end":{"line":78,"column":45}},"skip":true},"6":{"name":"(anonymous_6)","line":123,"loc":{"start":{"line":123,"column":33},"end":{"line":123,"column":48}},"skip":true},"7":{"name":"(anonymous_7)","line":125,"loc":{"start":{"line":125,"column":27},"end":{"line":125,"column":39}},"skip":true},"8":{"name":"(anonymous_8)","line":133,"loc":{"start":{"line":133,"column":59},"end":{"line":133,"column":74}},"skip":true},"9":{"name":"(anonymous_9)","line":143,"loc":{"start":{"line":143,"column":45},"end":{"line":143,"column":62}},"skip":true},"10":{"name":"(anonymous_10)","line":144,"loc":{"start":{"line":144,"column":73},"end":{"line":144,"column":92}},"skip":true},"11":{"name":"(anonymous_11)","line":272,"loc":{"start":{"line":272,"column":51},"end":{"line":272,"column":77}},"skip":true},"12":{"name":"(anonymous_12)","line":314,"loc":{"start":{"line":314,"column":32},"end":{"line":314,"column":61}},"skip":true}},"statementMap":{"1":{"start":{"line":26,"column":0},"end":{"line":325,"column":5}},"2":{"start":{"line":28,"column":4},"end":{"line":28,"column":14}},"3":{"start":{"line":33,"column":4},"end":{"line":60,"column":9}},"4":{"start":{"line":35,"column":8},"end":{"line":35,"column":19}},"5":{"start":{"line":37,"column":8},"end":{"line":49,"column":13}},"6":{"start":{"line":38,"column":12},"end":{"line":48,"column":13}},"7":{"start":{"line":39,"column":16},"end":{"line":42,"column":30}},"8":{"start":{"line":44,"column":16},"end":{"line":47,"column":27}},"9":{"start":{"line":51,"column":8},"end":{"line":53,"column":21}},"10":{"start":{"line":55,"column":8},"end":{"line":57,"column":45}},"11":{"start":{"line":59,"column":8},"end":{"line":59,"column":35}},"12":{"start":{"line":61,"column":4},"end":{"line":324,"column":5}},"13":{"start":{"line":69,"column":8},"end":{"line":121,"column":10},"skip":true},"14":{"start":{"line":70,"column":12},"end":{"line":88,"column":13},"skip":true},"15":{"start":{"line":76,"column":16},"end":{"line":87,"column":19},"skip":true},"16":{"start":{"line":79,"column":20},"end":{"line":86,"column":21},"skip":true},"17":{"start":{"line":82,"column":24},"end":{"line":82,"column":43},"skip":true},"18":{"start":{"line":83,"column":24},"end":{"line":83,"column":30},"skip":true},"19":{"start":{"line":85,"column":24},"end":{"line":85,"column":49},"skip":true},"20":{"start":{"line":89,"column":12},"end":{"line":107,"column":13},"skip":true},"21":{"start":{"line":92,"column":16},"end":{"line":102,"column":17},"skip":true},"22":{"start":{"line":93,"column":20},"end":{"line":93,"column":86},"skip":true},"23":{"start":{"line":94,"column":20},"end":{"line":95,"column":45},"skip":true},"24":{"start":{"line":96,"column":20},"end":{"line":96,"column":42},"skip":true},"25":{"start":{"line":97,"column":20},"end":{"line":97,"column":48},"skip":true},"26":{"start":{"line":100,"column":20},"end":{"line":100,"column":85},"skip":true},"27":{"start":{"line":101,"column":20},"end":{"line":101,"column":96},"skip":true},"28":{"start":{"line":103,"column":16},"end":{"line":103,"column":22},"skip":true},"29":{"start":{"line":106,"column":16},"end":{"line":106,"column":22},"skip":true},"30":{"start":{"line":108,"column":12},"end":{"line":120,"column":13},"skip":true},"31":{"start":{"line":114,"column":16},"end":{"line":119,"column":17},"skip":true},"32":{"start":{"line":116,"column":20},"end":{"line":116,"column":78},"skip":true},"33":{"start":{"line":118,"column":20},"end":{"line":118,"column":47},"skip":true},"34":{"start":{"line":123,"column":8},"end":{"line":141,"column":11},"skip":true},"35":{"start":{"line":124,"column":12},"end":{"line":124,"column":54},"skip":true},"36":{"start":{"line":125,"column":12},"end":{"line":140,"column":14},"skip":true},"37":{"start":{"line":126,"column":16},"end":{"line":126,"column":28},"skip":true},"38":{"start":{"line":127,"column":16},"end":{"line":127,"column":69},"skip":true},"39":{"start":{"line":128,"column":16},"end":{"line":128,"column":75},"skip":true},"40":{"start":{"line":129,"column":16},"end":{"line":131,"column":17},"skip":true},"41":{"start":{"line":130,"column":20},"end":{"line":130,"column":27},"skip":true},"42":{"start":{"line":133,"column":16},"end":{"line":137,"column":36},"skip":true},"43":{"start":{"line":134,"column":20},"end":{"line":136,"column":55},"skip":true},"44":{"start":{"line":139,"column":16},"end":{"line":139,"column":57},"skip":true},"45":{"start":{"line":143,"column":8},"end":{"line":147,"column":11},"skip":true},"46":{"start":{"line":144,"column":12},"end":{"line":146,"column":15},"skip":true},"47":{"start":{"line":145,"column":16},"end":{"line":145,"column":70},"skip":true},"48":{"start":{"line":149,"column":8},"end":{"line":149,"column":31},"skip":true},"49":{"start":{"line":150,"column":8},"end":{"line":150,"column":14},"skip":true},"50":{"start":{"line":158,"column":8},"end":{"line":158,"column":31},"skip":true},"51":{"start":{"line":160,"column":8},"end":{"line":160,"column":33},"skip":true},"52":{"start":{"line":161,"column":8},"end":{"line":161,"column":37},"skip":true},"53":{"start":{"line":162,"column":8},"end":{"line":162,"column":35},"skip":true},"54":{"start":{"line":164,"column":8},"end":{"line":164,"column":50},"skip":true},"55":{"start":{"line":166,"column":8},"end":{"line":256,"column":2},"skip":true},"56":{"start":{"line":258,"column":8},"end":{"line":286,"column":9},"skip":true},"57":{"start":{"line":259,"column":12},"end":{"line":269,"column":14},"skip":true},"58":{"start":{"line":271,"column":12},"end":{"line":285,"column":19},"skip":true},"59":{"start":{"line":274,"column":20},"end":{"line":274,"column":35},"skip":true},"60":{"start":{"line":275,"column":20},"end":{"line":284,"column":21},"skip":true},"61":{"start":{"line":277,"column":24},"end":{"line":277,"column":64},"skip":true},"62":{"start":{"line":279,"column":24},"end":{"line":279,"column":40},"skip":true},"63":{"start":{"line":281,"column":24},"end":{"line":281,"column":40},"skip":true},"64":{"start":{"line":283,"column":24},"end":{"line":283,"column":39},"skip":true},"65":{"start":{"line":288,"column":8},"end":{"line":290,"column":9},"skip":true},"66":{"start":{"line":289,"column":12},"end":{"line":289,"column":18},"skip":true},"67":{"start":{"line":291,"column":8},"end":{"line":293,"column":54},"skip":true},"68":{"start":{"line":294,"column":8},"end":{"line":301,"column":37},"skip":true},"69":{"start":{"line":302,"column":8},"end":{"line":302,"column":82},"skip":true},"70":{"start":{"line":305,"column":8},"end":{"line":307,"column":9},"skip":true},"71":{"start":{"line":306,"column":12},"end":{"line":306,"column":82},"skip":true},"72":{"start":{"line":309,"column":8},"end":{"line":311,"column":9},"skip":true},"73":{"start":{"line":310,"column":12},"end":{"line":310,"column":18},"skip":true},"74":{"start":{"line":312,"column":8},"end":{"line":312,"column":54},"skip":true},"75":{"start":{"line":313,"column":8},"end":{"line":313,"column":69},"skip":true},"76":{"start":{"line":314,"column":8},"end":{"line":322,"column":36},"skip":true},"77":{"start":{"line":315,"column":12},"end":{"line":315,"column":61},"skip":true},"78":{"start":{"line":316,"column":12},"end":{"line":319,"column":13},"skip":true},"79":{"start":{"line":317,"column":16},"end":{"line":317,"column":75},"skip":true},"80":{"start":{"line":318,"column":16},"end":{"line":318,"column":23},"skip":true},"81":{"start":{"line":320,"column":12},"end":{"line":320,"column":38},"skip":true},"82":{"start":{"line":321,"column":12},"end":{"line":321,"column":27},"skip":true},"83":{"start":{"line":323,"column":8},"end":{"line":323,"column":14},"skip":true}},"branchMap":{"1":{"line":39,"type":"binary-expr","locations":[{"start":{"line":39,"column":23},"end":{"line":39,"column":62}},{"start":{"line":40,"column":20},"end":{"line":40,"column":70}},{"start":{"line":41,"column":20},"end":{"line":41,"column":71}},{"start":{"line":42,"column":20},"end":{"line":42,"column":29}}]},"2":{"line":44,"type":"binary-expr","locations":[{"start":{"line":44,"column":23},"end":{"line":44,"column":37}},{"start":{"line":45,"column":20},"end":{"line":45,"column":61}},{"start":{"line":46,"column":20},"end":{"line":46,"column":70}},{"start":{"line":47,"column":20},"end":{"line":47,"column":26}}]},"3":{"line":51,"type":"cond-expr","locations":[{"start":{"line":52,"column":14},"end":{"line":52,"column":20}},{"start":{"line":53,"column":14},"end":{"line":53,"column":20}}]},"4":{"line":55,"type":"binary-expr","locations":[{"start":{"line":55,"column":16},"end":{"line":55,"column":44}},{"start":{"line":55,"column":49},"end":{"line":57,"column":43}}]},"5":{"line":55,"type":"cond-expr","locations":[{"start":{"line":56,"column":14},"end":{"line":56,"column":51}},{"start":{"line":57,"column":14},"end":{"line":57,"column":43}}]},"6":{"line":61,"type":"switch","locations":[{"start":{"line":68,"column":4},"end":{"line":150,"column":14},"skip":true},{"start":{"line":156,"column":4},"end":{"line":323,"column":14},"skip":true}]},"7":{"line":70,"type":"if","locations":[{"start":{"line":70,"column":12},"end":{"line":70,"column":12},"skip":true},{"start":{"line":70,"column":12},"end":{"line":70,"column":12},"skip":true}]},"8":{"line":70,"type":"binary-expr","locations":[{"start":{"line":70,"column":16},"end":{"line":70,"column":22},"skip":true},{"start":{"line":70,"column":27},"end":{"line":70,"column":32},"skip":true},{"start":{"line":71,"column":20},"end":{"line":71,"column":39},"skip":true},{"start":{"line":72,"column":20},"end":{"line":72,"column":49},"skip":true},{"start":{"line":73,"column":20},"end":{"line":73,"column":58},"skip":true},{"start":{"line":74,"column":20},"end":{"line":74,"column":69},"skip":true}]},"9":{"line":79,"type":"switch","locations":[{"start":{"line":80,"column":20},"end":{"line":80,"column":33},"skip":true},{"start":{"line":81,"column":20},"end":{"line":83,"column":30},"skip":true},{"start":{"line":84,"column":20},"end":{"line":85,"column":49},"skip":true}]},"10":{"line":89,"type":"switch","locations":[{"start":{"line":90,"column":12},"end":{"line":103,"column":22},"skip":true},{"start":{"line":105,"column":12},"end":{"line":106,"column":22},"skip":true}]},"11":{"line":89,"type":"binary-expr","locations":[{"start":{"line":89,"column":20},"end":{"line":89,"column":25},"skip":true},{"start":{"line":89,"column":29},"end":{"line":89,"column":48},"skip":true},{"start":{"line":89,"column":52},"end":{"line":89,"column":74},"skip":true}]},"12":{"line":92,"type":"if","locations":[{"start":{"line":92,"column":16},"end":{"line":92,"column":16},"skip":true},{"start":{"line":92,"column":16},"end":{"line":92,"column":16},"skip":true}]},"13":{"line":108,"type":"if","locations":[{"start":{"line":108,"column":12},"end":{"line":108,"column":12},"skip":true},{"start":{"line":108,"column":12},"end":{"line":108,"column":12},"skip":true}]},"14":{"line":108,"type":"binary-expr","locations":[{"start":{"line":108,"column":16},"end":{"line":108,"column":61},"skip":true},{"start":{"line":108,"column":66},"end":{"line":108,"column":72},"skip":true},{"start":{"line":108,"column":77},"end":{"line":108,"column":82},"skip":true},{"start":{"line":109,"column":20},"end":{"line":109,"column":39},"skip":true},{"start":{"line":110,"column":20},"end":{"line":110,"column":49},"skip":true},{"start":{"line":111,"column":20},"end":{"line":111,"column":58},"skip":true},{"start":{"line":112,"column":20},"end":{"line":112,"column":68},"skip":true}]},"15":{"line":129,"type":"if","locations":[{"start":{"line":129,"column":16},"end":{"line":129,"column":16},"skip":true},{"start":{"line":129,"column":16},"end":{"line":129,"column":16},"skip":true}]},"16":{"line":134,"type":"cond-expr","locations":[{"start":{"line":135,"column":26},"end":{"line":135,"column":29},"skip":true},{"start":{"line":136,"column":26},"end":{"line":136,"column":54},"skip":true}]},"17":{"line":164,"type":"binary-expr","locations":[{"start":{"line":164,"column":27},"end":{"line":164,"column":43},"skip":true},{"start":{"line":164,"column":47},"end":{"line":164,"column":49},"skip":true}]},"18":{"line":258,"type":"if","locations":[{"start":{"line":258,"column":8},"end":{"line":258,"column":8},"skip":true},{"start":{"line":258,"column":8},"end":{"line":258,"column":8},"skip":true}]},"19":{"line":275,"type":"switch","locations":[{"start":{"line":276,"column":20},"end":{"line":277,"column":64},"skip":true},{"start":{"line":278,"column":20},"end":{"line":279,"column":40},"skip":true},{"start":{"line":280,"column":20},"end":{"line":281,"column":40},"skip":true},{"start":{"line":282,"column":20},"end":{"line":283,"column":39},"skip":true}]},"20":{"line":288,"type":"if","locations":[{"start":{"line":288,"column":8},"end":{"line":288,"column":8},"skip":true},{"start":{"line":288,"column":8},"end":{"line":288,"column":8},"skip":true}]},"21":{"line":288,"type":"binary-expr","locations":[{"start":{"line":288,"column":12},"end":{"line":288,"column":40},"skip":true},{"start":{"line":288,"column":44},"end":{"line":288,"column":67},"skip":true}]},"22":{"line":292,"type":"binary-expr","locations":[{"start":{"line":292,"column":12},"end":{"line":292,"column":50},"skip":true},{"start":{"line":293,"column":12},"end":{"line":293,"column":53},"skip":true}]},"23":{"line":295,"type":"binary-expr","locations":[{"start":{"line":295,"column":12},"end":{"line":295,"column":65},"skip":true},{"start":{"line":296,"column":12},"end":{"line":301,"column":36},"skip":true}]},"24":{"line":302,"type":"binary-expr","locations":[{"start":{"line":302,"column":43},"end":{"line":302,"column":75},"skip":true},{"start":{"line":302,"column":79},"end":{"line":302,"column":81},"skip":true}]},"25":{"line":305,"type":"if","locations":[{"start":{"line":305,"column":8},"end":{"line":305,"column":8},"skip":true},{"start":{"line":305,"column":8},"end":{"line":305,"column":8},"skip":true}]},"26":{"line":309,"type":"if","locations":[{"start":{"line":309,"column":8},"end":{"line":309,"column":8},"skip":true},{"start":{"line":309,"column":8},"end":{"line":309,"column":8},"skip":true}]},"27":{"line":312,"type":"binary-expr","locations":[{"start":{"line":312,"column":27},"end":{"line":312,"column":43},"skip":true},{"start":{"line":312,"column":47},"end":{"line":312,"column":53},"skip":true}]},"28":{"line":316,"type":"if","locations":[{"start":{"line":316,"column":12},"end":{"line":316,"column":12},"skip":true},{"start":{"line":316,"column":12},"end":{"line":316,"column":12},"skip":true}]}},"code":["/*","example.js","","quickstart example","","instruction","    1. save this script as example.js","    2. run the shell command:","        $ npm install npmtest-twitter && PORT=8081 node example.js","    3. play with the browser-demo on http://127.0.0.1:8081","*/","","","","/* istanbul instrument in package npmtest_twitter */","/*jslint","    bitwise: true,","    browser: true,","    maxerr: 8,","    maxlen: 96,","    node: true,","    nomen: true,","    regexp: true,","    stupid: true","*/","(function () {","    'use strict';","    var local;","","","","    // run shared js-env code - pre-init","    (function () {","        // init local","        local = {};","        // init modeJs","        local.modeJs = (function () {","            try {","                return typeof navigator.userAgent === 'string' &&","                    typeof document.querySelector('body') === 'object' &&","                    typeof XMLHttpRequest.prototype.open === 'function' &&","                    'browser';","            } catch (errorCaughtBrowser) {","                return module.exports &&","                    typeof process.versions.node === 'string' &&","                    typeof require('http').createServer === 'function' &&","                    'node';","            }","        }());","        // init global","        local.global = local.modeJs === 'browser'","            ? window","            : global;","        // init utility2_rollup","        local = local.global.utility2_rollup || (local.modeJs === 'browser'","            ? local.global.utility2_npmtest_twitter","            : global.utility2_moduleExports);","        // export local","        local.global.local = local;","    }());","    switch (local.modeJs) {","","","","    // post-init","    // run browser js-env code - post-init","    /* istanbul ignore next */","    case 'browser':","        local.testRunBrowser = function (event) {","            if (!event || (event &&","                    event.currentTarget &&","                    event.currentTarget.className &&","                    event.currentTarget.className.includes &&","                    event.currentTarget.className.includes('onreset'))) {","                // reset output","                Array.from(","                    document.querySelectorAll('body > .resettable')","                ).forEach(function (element) {","                    switch (element.tagName) {","                    case 'INPUT':","                    case 'TEXTAREA':","                        element.value = '';","                        break;","                    default:","                        element.textContent = '';","                    }","                });","            }","            switch (event && event.currentTarget && event.currentTarget.id) {","            case 'testRunButton1':","                // show tests","                if (document.querySelector('#testReportDiv1').style.display === 'none') {","                    document.querySelector('#testReportDiv1').style.display = 'block';","                    document.querySelector('#testRunButton1').textContent =","                        'hide internal test';","                    local.modeTest = true;","                    local.testRunDefault(local);","                // hide tests","                } else {","                    document.querySelector('#testReportDiv1').style.display = 'none';","                    document.querySelector('#testRunButton1').textContent = 'run internal test';","                }","                break;","            // custom-case","            default:","                break;","            }","            if (document.querySelector('#inputTextareaEval1') && (!event || (event &&","                    event.currentTarget &&","                    event.currentTarget.className &&","                    event.currentTarget.className.includes &&","                    event.currentTarget.className.includes('oneval')))) {","                // try to eval input-code","                try {","                    /*jslint evil: true*/","                    eval(document.querySelector('#inputTextareaEval1').value);","                } catch (errorCaught) {","                    console.error(errorCaught);","                }","            }","        };","        // log stderr and stdout to #outputTextareaStdout1","        ['error', 'log'].forEach(function (key) {","            console[key + '_original'] = console[key];","            console[key] = function () {","                var element;","                console[key + '_original'].apply(console, arguments);","                element = document.querySelector('#outputTextareaStdout1');","                if (!element) {","                    return;","                }","                // append text to #outputTextareaStdout1","                element.value += Array.from(arguments).map(function (arg) {","                    return typeof arg === 'string'","                        ? arg","                        : JSON.stringify(arg, null, 4);","                }).join(' ') + '\\n';","                // scroll textarea to bottom","                element.scrollTop = element.scrollHeight;","            };","        });","        // init event-handling","        ['change', 'click', 'keyup'].forEach(function (event) {","            Array.from(document.querySelectorAll('.on' + event)).forEach(function (element) {","                element.addEventListener(event, local.testRunBrowser);","            });","        });","        // run tests","        local.testRunBrowser();","        break;","","","","    // run node js-env code - post-init","    /* istanbul ignore next */","    case 'node':","        // export local","        module.exports = local;","        // require modules","        local.fs = require('fs');","        local.http = require('http');","        local.url = require('url');","        // init assets","        local.assetsDict = local.assetsDict || {};","        /* jslint-ignore-begin */","        local.assetsDict['/assets.index.template.html'] = '\\","<!doctype html>\\n\\","<html lang=\"en\">\\n\\","<head>\\n\\","<meta charset=\"UTF-8\">\\n\\","<meta name=\"viewport\" content=\"width=device-width, initial-scale=1\">\\n\\","<title>{{env.npm_package_name}} (v{{env.npm_package_version}})</title>\\n\\","<style>\\n\\","/*csslint\\n\\","    box-sizing: false,\\n\\","    universal-selector: false\\n\\","*/\\n\\","* {\\n\\","    box-sizing: border-box;\\n\\","}\\n\\","body {\\n\\","    background: #dde;\\n\\","    font-family: Arial, Helvetica, sans-serif;\\n\\","    margin: 2rem;\\n\\","}\\n\\","body > * {\\n\\","    margin-bottom: 1rem;\\n\\","}\\n\\",".utility2FooterDiv {\\n\\","    margin-top: 20px;\\n\\","    text-align: center;\\n\\","}\\n\\","</style>\\n\\","<style>\\n\\","/*csslint\\n\\","*/\\n\\","textarea {\\n\\","    font-family: monospace;\\n\\","    height: 10rem;\\n\\","    width: 100%;\\n\\","}\\n\\","textarea[readonly] {\\n\\","    background: #ddd;\\n\\","}\\n\\","</style>\\n\\","</head>\\n\\","<body>\\n\\","<!-- utility2-comment\\n\\","<div id=\"ajaxProgressDiv1\" style=\"background: #d00; height: 2px; left: 0; margin: 0; padding: 0; position: fixed; top: 0; transition: background 0.5s, width 1.5s; width: 25%;\"></div>\\n\\","utility2-comment -->\\n\\","<h1>\\n\\","<!-- utility2-comment\\n\\","    <a\\n\\","        {{#if env.npm_package_homepage}}\\n\\","        href=\"{{env.npm_package_homepage}}\"\\n\\","        {{/if env.npm_package_homepage}}\\n\\","        target=\"_blank\"\\n\\","    >\\n\\","utility2-comment -->\\n\\","        {{env.npm_package_name}} (v{{env.npm_package_version}})\\n\\","<!-- utility2-comment\\n\\","    </a>\\n\\","utility2-comment -->\\n\\","</h1>\\n\\","<h3>{{env.npm_package_description}}</h3>\\n\\","<!-- utility2-comment\\n\\","<h4><a download href=\"assets.app.js\">download standalone app</a></h4>\\n\\","<button class=\"onclick onreset\" id=\"testRunButton1\">run internal test</button><br>\\n\\","<div id=\"testReportDiv1\" style=\"display: none;\"></div>\\n\\","utility2-comment -->\\n\\","\\n\\","\\n\\","\\n\\","<label>stderr and stdout</label>\\n\\","<textarea class=\"resettable\" id=\"outputTextareaStdout1\" readonly></textarea>\\n\\","<!-- utility2-comment\\n\\","{{#if isRollup}}\\n\\","<script src=\"assets.app.js\"></script>\\n\\","{{#unless isRollup}}\\n\\","utility2-comment -->\\n\\","<script src=\"assets.utility2.rollup.js\"></script>\\n\\","<script src=\"jsonp.utility2._stateInit?callback=window.utility2._stateInit\"></script>\\n\\","<script src=\"assets.npmtest_twitter.rollup.js\"></script>\\n\\","<script src=\"assets.example.js\"></script>\\n\\","<script src=\"assets.test.js\"></script>\\n\\","<!-- utility2-comment\\n\\","{{/if isRollup}}\\n\\","utility2-comment -->\\n\\","<div class=\"utility2FooterDiv\">\\n\\","    [ this app was created with\\n\\","    <a href=\"https://github.com/kaizhu256/node-utility2\" target=\"_blank\">utility2</a>\\n\\","    ]\\n\\","</div>\\n\\","</body>\\n\\","</html>\\n\\","';","        /* jslint-ignore-end */","        if (local.templateRender) {","            local.assetsDict['/'] = local.templateRender(","                local.assetsDict['/assets.index.template.html'],","                {","                    env: local.objectSetDefault(local.env, {","                        npm_package_description: 'the greatest app in the world!',","                        npm_package_name: 'my-app',","                        npm_package_nameAlias: 'my_app',","                        npm_package_version: '0.0.1'","                    })","                }","            );","        } else {","            local.assetsDict['/'] = local.assetsDict['/assets.index.template.html']","                .replace((/\\{\\{env\\.(\\w+?)\\}\\}/g), function (match0, match1) {","                    // jslint-hack","                    String(match0);","                    switch (match1) {","                    case 'npm_package_description':","                        return 'the greatest app in the world!';","                    case 'npm_package_name':","                        return 'my-app';","                    case 'npm_package_nameAlias':","                        return 'my_app';","                    case 'npm_package_version':","                        return '0.0.1';","                    }","                });","        }","        // run the cli","        if (local.global.utility2_rollup || module !== require.main) {","            break;","        }","        local.assetsDict['/assets.example.js'] =","            local.assetsDict['/assets.example.js'] ||","            local.fs.readFileSync(__filename, 'utf8');","        local.assetsDict['/assets.npmtest_twitter.rollup.js'] =","            local.assetsDict['/assets.npmtest_twitter.rollup.js'] ||","            local.fs.readFileSync(","                // buildCustomOrg-hack","                local.npmtest_twitter.__dirname +","                    '/lib.npmtest_twitter.js',","                'utf8'","            ).replace((/^#!/), '//');","        local.assetsDict['/favicon.ico'] = local.assetsDict['/favicon.ico'] || '';","        // if $npm_config_timeout_exit exists,","        // then exit this process after $npm_config_timeout_exit ms","        if (Number(process.env.npm_config_timeout_exit)) {","            setTimeout(process.exit, Number(process.env.npm_config_timeout_exit));","        }","        // start server","        if (local.global.utility2_serverHttp1) {","            break;","        }","        process.env.PORT = process.env.PORT || '8081';","        console.error('server starting on port ' + process.env.PORT);","        local.http.createServer(function (request, response) {","            request.urlParsed = local.url.parse(request.url);","            if (local.assetsDict[request.urlParsed.pathname] !== undefined) {","                response.end(local.assetsDict[request.urlParsed.pathname]);","                return;","            }","            response.statusCode = 404;","            response.end();","        }).listen(process.env.PORT);","        break;","    }","}());",""],"l":{"26":2,"28":2,"33":2,"35":2,"37":2,"38":2,"39":2,"44":1,"51":2,"55":2,"59":2,"61":2,"69":1,"70":2,"76":2,"79":2,"82":2,"83":2,"85":1,"89":2,"92":1,"93":1,"94":1,"96":1,"97":1,"100":1,"101":1,"103":1,"106":1,"108":2,"114":1,"116":1,"118":1,"123":1,"124":2,"125":2,"126":2,"127":2,"128":2,"129":2,"130":1,"133":2,"134":2,"139":2,"143":1,"144":3,"145":1,"149":1,"150":1,"158":1,"160":1,"161":1,"162":1,"164":1,"166":1,"258":1,"259":1,"271":1,"274":6,"275":6,"277":1,"279":2,"281":1,"283":2,"288":1,"289":1,"291":1,"294":1,"302":1,"305":1,"306":1,"309":1,"310":1,"312":1,"313":1,"314":1,"315":1,"316":1,"317":1,"318":1,"320":1,"321":1,"323":1}},"/home/travis/build/npmtest/node-npmtest-twitter/node_modules/twitter/lib/twitter.js":{"path":"/home/travis/build/npmtest/node-npmtest-twitter/node_modules/twitter/lib/twitter.js","s":{"1":1,"2":1,"3":1,"4":1,"5":1,"6":1,"7":0,"8":0,"9":0,"10":0,"11":0,"12":0,"13":0,"14":0,"15":0,"16":1,"17":0,"18":0,"19":0,"20":0,"21":0,"22":0,"23":0,"24":0,"25":0,"26":0,"27":1,"28":0,"29":0,"30":0,"31":0,"32":0,"33":0,"34":0,"35":0,"36":0,"37":0,"38":0,"39":0,"40":0,"41":0,"42":0,"43":0,"44":0,"45":0,"46":0,"47":0,"48":0,"49":0,"50":0,"51":0,"52":0,"53":0,"54":0,"55":0,"56":0,"57":0,"58":0,"59":0,"60":0,"61":0,"62":0,"63":0,"64":0,"65":0,"66":0,"67":0,"68":0,"69":0,"70":0,"71":0,"72":0,"73":0,"74":1,"75":0,"76":1,"77":0,"78":1,"79":0,"80":0,"81":0,"82":0,"83":0,"84":0,"85":0,"86":0,"87":0,"88":0,"89":0,"90":0,"91":0,"92":0,"93":0,"94":0,"95":0,"96":0,"97":0,"98":0,"99":0,"100":0,"101":0,"102":0,"103":0,"104":0,"105":0,"106":0,"107":0,"108":1},"b":{"1":[0,0],"2":[0,0],"3":[0,0],"4":[0,0],"5":[0,0],"6":[0,0],"7":[0,0],"8":[0,0],"9":[0,0],"10":[0,0],"11":[0,0],"12":[0,0],"13":[0,0],"14":[0,0],"15":[0,0],"16":[0,0],"17":[0,0],"18":[0,0],"19":[0,0],"20":[0,0],"21":[0,0],"22":[0,0],"23":[0,0],"24":[0,0],"25":[0,0],"26":[0,0],"27":[0,0],"28":[0,0],"29":[0,0],"30":[0,0],"31":[0,0]},"f":{"1":0,"2":0,"3":0,"4":0,"5":0,"6":0,"7":0,"8":0,"9":0,"10":0,"11":0,"12":0,"13":0,"14":0,"15":0},"fnMap":{"1":{"name":"Twitter","line":15,"loc":{"start":{"line":15,"column":0},"end":{"line":15,"column":26}}},"2":{"name":"(anonymous_2)","line":72,"loc":{"start":{"line":72,"column":36},"end":{"line":72,"column":57}}},"3":{"name":"(anonymous_3)","line":102,"loc":{"start":{"line":102,"column":30},"end":{"line":102,"column":71}}},"4":{"name":"(anonymous_4)","line":145,"loc":{"start":{"line":145,"column":23},"end":{"line":145,"column":49}}},"5":{"name":"(anonymous_5)","line":146,"loc":{"start":{"line":146,"column":29},"end":{"line":146,"column":61}}},"6":{"name":"(anonymous_6)","line":184,"loc":{"start":{"line":184,"column":24},"end":{"line":184,"column":56}}},"7":{"name":"(anonymous_7)","line":232,"loc":{"start":{"line":232,"column":24},"end":{"line":232,"column":56}}},"8":{"name":"(anonymous_8)","line":239,"loc":{"start":{"line":239,"column":25},"end":{"line":239,"column":57}}},"9":{"name":"(anonymous_9)","line":246,"loc":{"start":{"line":246,"column":27},"end":{"line":246,"column":62}}},"10":{"name":"(anonymous_10)","line":262,"loc":{"start":{"line":262,"column":19},"end":{"line":262,"column":30}}},"11":{"name":"(anonymous_11)","line":272,"loc":{"start":{"line":272,"column":25},"end":{"line":272,"column":44}}},"12":{"name":"(anonymous_12)","line":280,"loc":{"start":{"line":280,"column":24},"end":{"line":280,"column":40}}},"13":{"name":"(anonymous_13)","line":284,"loc":{"start":{"line":284,"column":25},"end":{"line":284,"column":41}}},"14":{"name":"(anonymous_14)","line":288,"loc":{"start":{"line":288,"column":23},"end":{"line":288,"column":34}}},"15":{"name":"(anonymous_15)","line":293,"loc":{"start":{"line":293,"column":22},"end":{"line":293,"column":38}}}},"statementMap":{"1":{"start":{"line":7,"column":0},"end":{"line":7,"column":25}},"2":{"start":{"line":8,"column":0},"end":{"line":8,"column":39}},"3":{"start":{"line":9,"column":0},"end":{"line":9,"column":33}},"4":{"start":{"line":10,"column":0},"end":{"line":10,"column":36}},"5":{"start":{"line":13,"column":0},"end":{"line":13,"column":49}},"6":{"start":{"line":15,"column":0},"end":{"line":70,"column":1}},"7":{"start":{"line":16,"column":2},"end":{"line":16,"column":65}},"8":{"start":{"line":16,"column":36},"end":{"line":16,"column":64}},"9":{"start":{"line":18,"column":2},"end":{"line":18,"column":25}},"10":{"start":{"line":21,"column":2},"end":{"line":39,"column":14}},"11":{"start":{"line":42,"column":2},"end":{"line":49,"column":4}},"12":{"start":{"line":52,"column":2},"end":{"line":58,"column":3}},"13":{"start":{"line":53,"column":4},"end":{"line":57,"column":6}},"14":{"start":{"line":61,"column":2},"end":{"line":66,"column":4}},"15":{"start":{"line":69,"column":2},"end":{"line":69,"column":55}},"16":{"start":{"line":72,"column":0},"end":{"line":100,"column":2}},"17":{"start":{"line":73,"column":2},"end":{"line":79,"column":4}},"18":{"start":{"line":80,"column":2},"end":{"line":80,"column":73}},"19":{"start":{"line":82,"column":2},"end":{"line":91,"column":3}},"20":{"start":{"line":83,"column":4},"end":{"line":83,"column":20}},"21":{"start":{"line":87,"column":4},"end":{"line":89,"column":5}},"22":{"start":{"line":88,"column":6},"end":{"line":88,"column":29}},"23":{"start":{"line":90,"column":4},"end":{"line":90,"column":61}},"24":{"start":{"line":94,"column":2},"end":{"line":94,"column":41}},"25":{"start":{"line":97,"column":2},"end":{"line":97,"column":64}},"26":{"start":{"line":99,"column":2},"end":{"line":99,"column":18}},"27":{"start":{"line":102,"column":0},"end":{"line":227,"column":2}},"28":{"start":{"line":103,"column":2},"end":{"line":103,"column":37}},"29":{"start":{"line":106,"column":2},"end":{"line":113,"column":3}},"30":{"start":{"line":107,"column":4},"end":{"line":107,"column":22}},"31":{"start":{"line":108,"column":4},"end":{"line":108,"column":16}},"32":{"start":{"line":111,"column":7},"end":{"line":113,"column":3}},"33":{"start":{"line":112,"column":4},"end":{"line":112,"column":19}},"34":{"start":{"line":116,"column":2},"end":{"line":119,"column":3}},"35":{"start":{"line":117,"column":4},"end":{"line":117,"column":23}},"36":{"start":{"line":118,"column":4},"end":{"line":118,"column":23}},"37":{"start":{"line":122,"column":2},"end":{"line":125,"column":4}},"38":{"start":{"line":128,"column":2},"end":{"line":130,"column":3}},"39":{"start":{"line":129,"column":4},"end":{"line":129,"column":24}},"40":{"start":{"line":133,"column":2},"end":{"line":140,"column":3}},"41":{"start":{"line":134,"column":4},"end":{"line":134,"column":25}},"42":{"start":{"line":136,"column":4},"end":{"line":138,"column":5}},"43":{"start":{"line":137,"column":6},"end":{"line":137,"column":27}},"44":{"start":{"line":139,"column":4},"end":{"line":139,"column":30}},"45":{"start":{"line":143,"column":2},"end":{"line":181,"column":3}},"46":{"start":{"line":144,"column":4},"end":{"line":144,"column":21}},"47":{"start":{"line":145,"column":4},"end":{"line":180,"column":7}},"48":{"start":{"line":146,"column":6},"end":{"line":179,"column":9}},"49":{"start":{"line":148,"column":8},"end":{"line":150,"column":9}},"50":{"start":{"line":149,"column":10},"end":{"line":149,"column":31}},"51":{"start":{"line":153,"column":8},"end":{"line":164,"column":9}},"52":{"start":{"line":155,"column":10},"end":{"line":160,"column":11}},"53":{"start":{"line":156,"column":12},"end":{"line":156,"column":22}},"54":{"start":{"line":159,"column":12},"end":{"line":159,"column":36}},"55":{"start":{"line":163,"column":10},"end":{"line":163,"column":126}},"56":{"start":{"line":168,"column":8},"end":{"line":170,"column":9}},"57":{"start":{"line":169,"column":10},"end":{"line":169,"column":37}},"58":{"start":{"line":173,"column":8},"end":{"line":175,"column":9}},"59":{"start":{"line":174,"column":10},"end":{"line":174,"column":104}},"60":{"start":{"line":178,"column":8},"end":{"line":178,"column":22}},"61":{"start":{"line":184,"column":2},"end":{"line":225,"column":5}},"62":{"start":{"line":186,"column":4},"end":{"line":188,"column":5}},"63":{"start":{"line":187,"column":6},"end":{"line":187,"column":45}},"64":{"start":{"line":191,"column":4},"end":{"line":206,"column":5}},"65":{"start":{"line":193,"column":6},"end":{"line":198,"column":7}},"66":{"start":{"line":194,"column":8},"end":{"line":194,"column":18}},"67":{"start":{"line":197,"column":8},"end":{"line":197,"column":32}},"68":{"start":{"line":201,"column":6},"end":{"line":205,"column":8}},"69":{"start":{"line":211,"column":4},"end":{"line":213,"column":5}},"70":{"start":{"line":212,"column":6},"end":{"line":212,"column":51}},"71":{"start":{"line":216,"column":4},"end":{"line":222,"column":5}},"72":{"start":{"line":217,"column":6},"end":{"line":221,"column":8}},"73":{"start":{"line":224,"column":4},"end":{"line":224,"column":35}},"74":{"start":{"line":232,"column":0},"end":{"line":234,"column":2}},"75":{"start":{"line":233,"column":2},"end":{"line":233,"column":54}},"76":{"start":{"line":239,"column":0},"end":{"line":241,"column":2}},"77":{"start":{"line":240,"column":2},"end":{"line":240,"column":55}},"78":{"start":{"line":246,"column":0},"end":{"line":304,"column":2}},"79":{"start":{"line":247,"column":2},"end":{"line":250,"column":3}},"80":{"start":{"line":248,"column":4},"end":{"line":248,"column":22}},"81":{"start":{"line":249,"column":4},"end":{"line":249,"column":16}},"82":{"start":{"line":252,"column":2},"end":{"line":252,"column":22}},"83":{"start":{"line":254,"column":2},"end":{"line":256,"column":3}},"84":{"start":{"line":255,"column":4},"end":{"line":255,"column":31}},"85":{"start":{"line":258,"column":2},"end":{"line":258,"column":47}},"86":{"start":{"line":259,"column":2},"end":{"line":259,"column":53}},"87":{"start":{"line":260,"column":2},"end":{"line":260,"column":34}},"88":{"start":{"line":262,"column":2},"end":{"line":270,"column":4}},"89":{"start":{"line":264,"column":4},"end":{"line":269,"column":5}},"90":{"start":{"line":265,"column":6},"end":{"line":265,"column":22}},"91":{"start":{"line":268,"column":6},"end":{"line":268,"column":31}},"92":{"start":{"line":272,"column":2},"end":{"line":291,"column":5}},"93":{"start":{"line":273,"column":4},"end":{"line":278,"column":5}},"94":{"start":{"line":274,"column":6},"end":{"line":274,"column":77}},"95":{"start":{"line":277,"column":6},"end":{"line":277,"column":40}},"96":{"start":{"line":280,"column":4},"end":{"line":282,"column":7}},"97":{"start":{"line":281,"column":6},"end":{"line":281,"column":28}},"98":{"start":{"line":284,"column":4},"end":{"line":286,"column":7}},"99":{"start":{"line":285,"column":6},"end":{"line":285,"column":34}},"100":{"start":{"line":288,"column":4},"end":{"line":290,"column":7}},"101":{"start":{"line":289,"column":6},"end":{"line":289,"column":35}},"102":{"start":{"line":293,"column":2},"end":{"line":295,"column":5}},"103":{"start":{"line":294,"column":4},"end":{"line":294,"column":32}},"104":{"start":{"line":296,"column":2},"end":{"line":296,"column":16}},"105":{"start":{"line":298,"column":2},"end":{"line":303,"column":3}},"106":{"start":{"line":299,"column":4},"end":{"line":299,"column":21}},"107":{"start":{"line":302,"column":4},"end":{"line":302,"column":18}},"108":{"start":{"line":307,"column":0},"end":{"line":307,"column":25}}},"branchMap":{"1":{"line":16,"type":"if","locations":[{"start":{"line":16,"column":2},"end":{"line":16,"column":2}},{"start":{"line":16,"column":2},"end":{"line":16,"column":2}}]},"2":{"line":52,"type":"if","locations":[{"start":{"line":52,"column":2},"end":{"line":52,"column":2}},{"start":{"line":52,"column":2},"end":{"line":52,"column":2}}]},"3":{"line":80,"type":"cond-expr","locations":[{"start":{"line":80,"column":48},"end":{"line":80,"column":59}},{"start":{"line":80,"column":62},"end":{"line":80,"column":72}}]},"4":{"line":82,"type":"if","locations":[{"start":{"line":82,"column":2},"end":{"line":82,"column":2}},{"start":{"line":82,"column":2},"end":{"line":82,"column":2}}]},"5":{"line":87,"type":"if","locations":[{"start":{"line":87,"column":4},"end":{"line":87,"column":4}},{"start":{"line":87,"column":4},"end":{"line":87,"column":4}}]},"6":{"line":90,"type":"cond-expr","locations":[{"start":{"line":90,"column":43},"end":{"line":90,"column":47}},{"start":{"line":90,"column":50},"end":{"line":90,"column":60}}]},"7":{"line":97,"type":"cond-expr","locations":[{"start":{"line":97,"column":51},"end":{"line":97,"column":58}},{"start":{"line":97,"column":61},"end":{"line":97,"column":63}}]},"8":{"line":106,"type":"if","locations":[{"start":{"line":106,"column":2},"end":{"line":106,"column":2}},{"start":{"line":106,"column":2},"end":{"line":106,"column":2}}]},"9":{"line":111,"type":"if","locations":[{"start":{"line":111,"column":7},"end":{"line":111,"column":7}},{"start":{"line":111,"column":7},"end":{"line":111,"column":7}}]},"10":{"line":111,"type":"binary-expr","locations":[{"start":{"line":111,"column":11},"end":{"line":111,"column":33}},{"start":{"line":111,"column":37},"end":{"line":111,"column":55}}]},"11":{"line":116,"type":"if","locations":[{"start":{"line":116,"column":2},"end":{"line":116,"column":2}},{"start":{"line":116,"column":2},"end":{"line":116,"column":2}}]},"12":{"line":128,"type":"if","locations":[{"start":{"line":128,"column":2},"end":{"line":128,"column":2}},{"start":{"line":128,"column":2},"end":{"line":128,"column":2}}]},"13":{"line":133,"type":"if","locations":[{"start":{"line":133,"column":2},"end":{"line":133,"column":2}},{"start":{"line":133,"column":2},"end":{"line":133,"column":2}}]},"14":{"line":136,"type":"if","locations":[{"start":{"line":136,"column":4},"end":{"line":136,"column":4}},{"start":{"line":136,"column":4},"end":{"line":136,"column":4}}]},"15":{"line":143,"type":"if","locations":[{"start":{"line":143,"column":2},"end":{"line":143,"column":2}},{"start":{"line":143,"column":2},"end":{"line":143,"column":2}}]},"16":{"line":148,"type":"if","locations":[{"start":{"line":148,"column":8},"end":{"line":148,"column":8}},{"start":{"line":148,"column":8},"end":{"line":148,"column":8}}]},"17":{"line":155,"type":"if","locations":[{"start":{"line":155,"column":10},"end":{"line":155,"column":10}},{"start":{"line":155,"column":10},"end":{"line":155,"column":10}}]},"18":{"line":168,"type":"if","locations":[{"start":{"line":168,"column":8},"end":{"line":168,"column":8}},{"start":{"line":168,"column":8},"end":{"line":168,"column":8}}]},"19":{"line":173,"type":"if","locations":[{"start":{"line":173,"column":8},"end":{"line":173,"column":8}},{"start":{"line":173,"column":8},"end":{"line":173,"column":8}}]},"20":{"line":173,"type":"binary-expr","locations":[{"start":{"line":173,"column":11},"end":{"line":173,"column":36}},{"start":{"line":173,"column":40},"end":{"line":173,"column":65}}]},"21":{"line":186,"type":"if","locations":[{"start":{"line":186,"column":4},"end":{"line":186,"column":4}},{"start":{"line":186,"column":4},"end":{"line":186,"column":4}}]},"22":{"line":193,"type":"if","locations":[{"start":{"line":193,"column":6},"end":{"line":193,"column":6}},{"start":{"line":193,"column":6},"end":{"line":193,"column":6}}]},"23":{"line":211,"type":"if","locations":[{"start":{"line":211,"column":4},"end":{"line":211,"column":4}},{"start":{"line":211,"column":4},"end":{"line":211,"column":4}}]},"24":{"line":216,"type":"if","locations":[{"start":{"line":216,"column":4},"end":{"line":216,"column":4}},{"start":{"line":216,"column":4},"end":{"line":216,"column":4}}]},"25":{"line":216,"type":"binary-expr","locations":[{"start":{"line":216,"column":7},"end":{"line":216,"column":32}},{"start":{"line":216,"column":36},"end":{"line":216,"column":61}}]},"26":{"line":247,"type":"if","locations":[{"start":{"line":247,"column":2},"end":{"line":247,"column":2}},{"start":{"line":247,"column":2},"end":{"line":247,"column":2}}]},"27":{"line":254,"type":"if","locations":[{"start":{"line":254,"column":2},"end":{"line":254,"column":2}},{"start":{"line":254,"column":2},"end":{"line":254,"column":2}}]},"28":{"line":254,"type":"binary-expr","locations":[{"start":{"line":254,"column":6},"end":{"line":254,"column":23}},{"start":{"line":254,"column":27},"end":{"line":254,"column":44}}]},"29":{"line":264,"type":"if","locations":[{"start":{"line":264,"column":4},"end":{"line":264,"column":4}},{"start":{"line":264,"column":4},"end":{"line":264,"column":4}}]},"30":{"line":273,"type":"if","locations":[{"start":{"line":273,"column":4},"end":{"line":273,"column":4}},{"start":{"line":273,"column":4},"end":{"line":273,"column":4}}]},"31":{"line":298,"type":"if","locations":[{"start":{"line":298,"column":2},"end":{"line":298,"column":2}},{"start":{"line":298,"column":2},"end":{"line":298,"column":2}}]}},"code":["'use strict';","","/**"," * Module dependencies"," */","","var url = require('url');","var Streamparser = require('./parser');","var request = require('request');","var extend = require('deep-extend');","","// Package version","var VERSION = require('../package.json').version;","","function Twitter(options) {","  if (!(this instanceof Twitter)) { return new Twitter(options) }","","  this.VERSION = VERSION;","","  // Merge the default options with the client submitted options","  this.options = extend({","    consumer_key: null,","    consumer_secret: null,","    access_token_key: null,","    access_token_secret: null,","    bearer_token: null,","    rest_base: 'https://api.twitter.com/1.1',","    stream_base: 'https://stream.twitter.com/1.1',","    user_stream_base: 'https://userstream.twitter.com/1.1',","    site_stream_base: 'https://sitestream.twitter.com/1.1',","    media_base: 'https://upload.twitter.com/1.1',","    request_options: {","      headers: {","        Accept: '*/*',","        Connection: 'close',","        'User-Agent': 'node-twitter/' + VERSION","      }","    }","  }, options);","","  // Default to user authentication","  var authentication_options = {","    oauth: {","      consumer_key: this.options.consumer_key,","      consumer_secret: this.options.consumer_secret,","      token: this.options.access_token_key,","      token_secret: this.options.access_token_secret","    }","  };","","  // Check to see if we are going to use User Authentication or Application Authetication","  if (this.options.bearer_token) {","    authentication_options = {","      headers: {","        Authorization: 'Bearer ' + this.options.bearer_token","      }","    };","  }","","  // Configure default request options","  this.request = request.defaults(","    extend(","      this.options.request_options,","      authentication_options","    )","  );","","  // Check if Promise present","  this.allow_promise = (typeof Promise === 'function');","}","","Twitter.prototype.__buildEndpoint = function(path, base) {","  var bases = {","    'rest': this.options.rest_base,","    'stream': this.options.stream_base,","    'user_stream': this.options.user_stream_base,","    'site_stream': this.options.site_stream_base,","    'media': this.options.media_base","  };","  var endpoint = (bases.hasOwnProperty(base)) ? bases[base] : bases.rest;","","  if (url.parse(path).protocol) {","    endpoint = path;","  }","  else {","    // If the path begins with media or /media","    if (path.match(/^(\\/)?media/)) {","      endpoint = bases.media;","    }","    endpoint += (path.charAt(0) === '/') ? path : '/' + path;","  }","","  // Remove trailing slash","  endpoint = endpoint.replace(/\\/$/, '');","","  // Add json extension if not provided in call","  endpoint += (path.split('.').pop() !== 'json') ? '.json' : '';","","  return endpoint;","};","","Twitter.prototype.__request = function(method, path, params, callback) {","  var base = 'rest', promise = false;","","  // Set the callback if no params are passed","  if (typeof params === 'function') {","    callback = params;","    params = {};","  }","  // Return promise if no callback is passed and promises available","  else if (callback === undefined && this.allow_promise) {","    promise = true;","  }","","  // Set API base","  if (typeof params.base !== 'undefined') {","    base = params.base;","    delete params.base;","  }","","  // Build the options to pass to our custom request object","  var options = {","    method: method.toLowerCase(),  // Request method - get || post","    url: this.__buildEndpoint(path, base) // Generate url","  };","","  // Pass url parameters if get","  if (method === 'get') {","    options.qs = params;","  }","","  // Pass form data if post","  if (method === 'post') {","    var formKey = 'form';","","    if (typeof params.media !== 'undefined') {","      formKey = 'formData';","    }","    options[formKey] = params;","  }","","  // Promisified version","  if (promise) {","    var _this = this;","    return new Promise(function(resolve, reject) {","      _this.request(options, function(error, response, data) {","        // request error","        if (error) {","          return reject(error);","        }","","        // JSON parse error or empty strings","        try {","          // An empty string is a valid response","          if (data === '') {","            data = {};","          }","          else {","            data = JSON.parse(data);","          }","        }","        catch(parseError) {","          return reject(new Error('JSON parseError with HTTP Status: ' + response.statusCode + ' ' + response.statusMessage));","        }","","        // response object errors","        // This should return an error object not an array of errors","        if (data.errors !== undefined) {","          return reject(data.errors);","        }","","        // status code errors","        if(response.statusCode < 200 || response.statusCode > 299) {","          return reject(new Error('HTTP Error: ' + response.statusCode + ' ' + response.statusMessage));","        }","","        // no errors","        resolve(data);","      });","    });","  }","","  // Callback version","  this.request(options, function(error, response, data) {","    // request error","    if (error) {","      return callback(error, data, response);","    }","","    // JSON parse error or empty strings","    try {","      // An empty string is a valid response","      if (data === '') {","        data = {};","      }","      else {","        data = JSON.parse(data);","      }","    }","    catch(parseError) {","      return callback(","        new Error('JSON parseError with HTTP Status: ' + response.statusCode + ' ' + response.statusMessage),","        data,","        response","      );","    }","","","    // response object errors","    // This should return an error object not an array of errors","    if (data.errors !== undefined) {","      return callback(data.errors, data, response);","    }","","    // status code errors","    if(response.statusCode < 200 || response.statusCode > 299) {","      return callback(","        new Error('HTTP Error: ' + response.statusCode + ' ' + response.statusMessage),","        data,","        response","      );","    }","    // no errors","    callback(null, data, response);","  });","","};","","/**"," * GET"," */","Twitter.prototype.get = function(url, params, callback) {","  return this.__request('get', url, params, callback);","};","","/**"," * POST"," */","Twitter.prototype.post = function(url, params, callback) {","  return this.__request('post', url, params, callback);","};","","/**"," * STREAM"," */","Twitter.prototype.stream = function(method, params, callback) {","  if (typeof params === 'function') {","    callback = params;","    params = {};","  }","","  var base = 'stream';","","  if (method === 'user' || method === 'site') {","    base = method + '_' + base;","  }","","  var url = this.__buildEndpoint(method, base);","  var request = this.request({url: url, qs: params});","  var stream = new Streamparser();","","  stream.destroy = function() {","    // FIXME: should we emit end/close on explicit destroy?","    if ( typeof request.abort === 'function' ) {","      request.abort(); // node v0.4.0","    }","    else {","      request.socket.destroy();","    }","  };","","  request.on('response', function(response) {","    if(response.statusCode !== 200) {","      stream.emit('error', new Error('Status Code: ' + response.statusCode));","    }","    else {","      stream.emit('response', response);","    }","","    response.on('data', function(chunk) {","      stream.receive(chunk);","    });","","    response.on('error', function(error) {","      stream.emit('error', error);","    });","","    response.on('end', function() {","      stream.emit('end', response);","    });","  });","","  request.on('error', function(error) {","    stream.emit('error', error);","  });","  request.end();","","  if (typeof callback === 'function') {","    callback(stream);","  }","  else {","    return stream;","  }","};","","","module.exports = Twitter;",""],"l":{"7":1,"8":1,"9":1,"10":1,"13":1,"15":1,"16":0,"18":0,"21":0,"42":0,"52":0,"53":0,"61":0,"69":0,"72":1,"73":0,"80":0,"82":0,"83":0,"87":0,"88":0,"90":0,"94":0,"97":0,"99":0,"102":1,"103":0,"106":0,"107":0,"108":0,"111":0,"112":0,"116":0,"117":0,"118":0,"122":0,"128":0,"129":0,"133":0,"134":0,"136":0,"137":0,"139":0,"143":0,"144":0,"145":0,"146":0,"148":0,"149":0,"153":0,"155":0,"156":0,"159":0,"163":0,"168":0,"169":0,"173":0,"174":0,"178":0,"184":0,"186":0,"187":0,"191":0,"193":0,"194":0,"197":0,"201":0,"211":0,"212":0,"216":0,"217":0,"224":0,"232":1,"233":0,"239":1,"240":0,"246":1,"247":0,"248":0,"249":0,"252":0,"254":0,"255":0,"258":0,"259":0,"260":0,"262":0,"264":0,"265":0,"268":0,"272":0,"273":0,"274":0,"277":0,"280":0,"281":0,"284":0,"285":0,"288":0,"289":0,"293":0,"294":0,"296":0,"298":0,"299":0,"302":0,"307":1}},"/home/travis/build/npmtest/node-npmtest-twitter/node_modules/twitter/lib/parser.js":{"path":"/home/travis/build/npmtest/node-npmtest-twitter/node_modules/twitter/lib/parser.js","s":{"1":1,"2":1,"3":0,"4":0,"5":0,"6":1,"7":1,"8":1,"9":1,"10":0,"11":0,"12":0,"13":0,"14":0,"15":0,"16":0,"17":0,"18":0,"19":0,"20":0,"21":0,"22":0,"23":0,"24":0,"25":0,"26":0,"27":0,"28":0},"b":{"1":[0,0],"2":[0,0],"3":[0,0],"4":[0,0],"5":[0,0]},"f":{"1":0,"2":0},"fnMap":{"1":{"name":"Parser","line":17,"loc":{"start":{"line":17,"column":30},"end":{"line":17,"column":48}}},"2":{"name":"receive","line":30,"loc":{"start":{"line":30,"column":27},"end":{"line":30,"column":52}}}},"statementMap":{"1":{"start":{"line":15,"column":0},"end":{"line":15,"column":50}},"2":{"start":{"line":17,"column":0},"end":{"line":22,"column":2}},"3":{"start":{"line":19,"column":2},"end":{"line":19,"column":26}},"4":{"start":{"line":20,"column":2},"end":{"line":20,"column":19}},"5":{"start":{"line":21,"column":2},"end":{"line":21,"column":14}},"6":{"start":{"line":25,"column":0},"end":{"line":25,"column":57}},"7":{"start":{"line":27,"column":0},"end":{"line":27,"column":27}},"8":{"start":{"line":28,"column":0},"end":{"line":28,"column":22}},"9":{"start":{"line":30,"column":0},"end":{"line":71,"column":2}},"10":{"start":{"line":31,"column":2},"end":{"line":31,"column":41}},"11":{"start":{"line":32,"column":2},"end":{"line":32,"column":18}},"12":{"start":{"line":35,"column":2},"end":{"line":70,"column":3}},"13":{"start":{"line":36,"column":4},"end":{"line":36,"column":39}},"14":{"start":{"line":37,"column":4},"end":{"line":37,"column":63}},"15":{"start":{"line":38,"column":4},"end":{"line":69,"column":5}},"16":{"start":{"line":39,"column":6},"end":{"line":64,"column":7}},"17":{"start":{"line":40,"column":8},"end":{"line":40,"column":32}},"18":{"start":{"line":42,"column":8},"end":{"line":59,"column":9}},"19":{"start":{"line":44,"column":10},"end":{"line":44,"column":38}},"20":{"start":{"line":46,"column":10},"end":{"line":46,"column":35}},"21":{"start":{"line":49,"column":13},"end":{"line":59,"column":9}},"22":{"start":{"line":50,"column":10},"end":{"line":50,"column":36}},"23":{"start":{"line":53,"column":13},"end":{"line":59,"column":9}},"24":{"start":{"line":54,"column":10},"end":{"line":54,"column":37}},"25":{"start":{"line":58,"column":10},"end":{"line":58,"column":34}},"26":{"start":{"line":62,"column":8},"end":{"line":62,"column":28}},"27":{"start":{"line":63,"column":8},"end":{"line":63,"column":34}},"28":{"start":{"line":68,"column":6},"end":{"line":68,"column":24}}},"branchMap":{"1":{"line":38,"type":"if","locations":[{"start":{"line":38,"column":4},"end":{"line":38,"column":4}},{"start":{"line":38,"column":4},"end":{"line":38,"column":4}}]},"2":{"line":42,"type":"if","locations":[{"start":{"line":42,"column":8},"end":{"line":42,"column":8}},{"start":{"line":42,"column":8},"end":{"line":42,"column":8}}]},"3":{"line":49,"type":"if","locations":[{"start":{"line":49,"column":13},"end":{"line":49,"column":13}},{"start":{"line":49,"column":13},"end":{"line":49,"column":13}}]},"4":{"line":53,"type":"if","locations":[{"start":{"line":53,"column":13},"end":{"line":53,"column":13}},{"start":{"line":53,"column":13},"end":{"line":53,"column":13}}]},"5":{"line":53,"type":"binary-expr","locations":[{"start":{"line":53,"column":17},"end":{"line":53,"column":43}},{"start":{"line":53,"column":47},"end":{"line":53,"column":77}}]}},"code":["'use strict';","","// glorious streaming json parser, built specifically for the twitter streaming api","// assumptions:","//   1) ninjas are mammals","//   2) tweets come in chunks of text, surrounded by {}'s, separated by line breaks","//   3) only one tweet per chunk","//","//   p = new parser.instance()","//   p.addListener('object', function...)","//   p.receive(data)","//   p.receive(data)","//   ...","","var EventEmitter = require('events').EventEmitter;","","var Parser = module.exports = function Parser() {","  // Make sure we call our parents constructor","  EventEmitter.call(this);","  this.buffer = '';","  return this;","};","","// The parser emits events!","Parser.prototype = Object.create(EventEmitter.prototype);","","Parser.END        = '\\r\\n';","Parser.END_LENGTH = 2;","","Parser.prototype.receive = function receive(buffer) {","  this.buffer += buffer.toString('utf8');","  var index, json;","","  // We have END?","  while ((index = this.buffer.indexOf(Parser.END)) > -1) {","    json = this.buffer.slice(0, index);","    this.buffer = this.buffer.slice(index + Parser.END_LENGTH);","    if (json.length > 0) {","      try {","        json = JSON.parse(json);","        // Event message","        if (json.event !== undefined) {","          // First emit specific event","          this.emit(json.event, json);","          // Now emit catch-all event","          this.emit('event', json);","        }","        // Delete message","        else if (json.delete !== undefined) {","          this.emit('delete', json);","        }","        // Friends message (beginning of stream)","        else if (json.friends !== undefined || json.friends_str !== undefined) {","          this.emit('friends', json);","        }","        // Any other message","        else {","          this.emit('data', json);","        }","      }","      catch (error) {","        error.source = json;","        this.emit('error', error);","      }","    }","    else {","      // Keep Alive","      this.emit('ping');","    }","  }","};",""],"l":{"15":1,"17":1,"19":0,"20":0,"21":0,"25":1,"27":1,"28":1,"30":1,"31":0,"32":0,"35":0,"36":0,"37":0,"38":0,"39":0,"40":0,"42":0,"44":0,"46":0,"49":0,"50":0,"53":0,"54":0,"58":0,"62":0,"63":0,"68":0}},"/home/travis/build/npmtest/node-npmtest-twitter/node_modules/twitter/.eslintrc.js":{"path":"/home/travis/build/npmtest/node-npmtest-twitter/node_modules/twitter/.eslintrc.js","s":{"1":1},"b":{},"f":{},"fnMap":{},"statementMap":{"1":{"start":{"line":1,"column":0},"end":{"line":34,"column":2}}},"branchMap":{},"code":["module.exports = {","  env: {","    node: true,","    mocha: true,","  },","  parserOptions: {","    sourceType: 'script'","  },","  extends: 'eslint:recommended',","  rules: {","    'indent': [2, 2, {SwitchCase: 1 }],","    'brace-style': [2, \"stroustrup\", {'allowSingleLine': true} ],","    'comma-dangle': [0],","    'complexity': [2, 19],","    'curly': 2,","    'eqeqeq': 2,","    'max-depth': 2,","    'max-statements': [2, 20],","    'new-cap': 2,","    'no-caller': 2,","    'no-cond-assign': 2,","    'no-else-return': 2, // maybe","    'no-unused-vars': [2, { 'args': 'after-used' }],","    'no-use-before-define': 2,","    'quotes': [2, 'single', 'avoid-escape'],","    'semi': [2, 'always', {'omitLastInOneLineBlock': true }],","    'space-before-function-paren': [2, 'never'],","    'strict': 2,","    'wrap-iife': [2, 'inside']","  },","  globals: {","    'Promise': true","  }","};",""],"l":{"1":1}}}